{
  "RSpec": {
    "coverage": {
      "/Users/Simon/Projects/tech-tests/tic_tac_toe_tech_test/spec/board_spec.rb": [
        1,
        null,
        7,
        null,
        1,
        1,
        1,
        null,
        null,
        1,
        1,
        null,
        null,
        null,
        1,
        1,
        1,
        1,
        null,
        null,
        1,
        1,
        1,
        null,
        null,
        1,
        1,
        2,
        null,
        null,
        null,
        1,
        1,
        1,
        2,
        null,
        null,
        null
      ],
      "/Users/Simon/Projects/tech-tests/tic_tac_toe_tech_test/spec/cell_spec.rb": [
        1,
        null,
        2,
        null,
        1,
        1,
        1,
        null,
        null,
        1,
        1,
        1,
        null,
        null,
        null
      ],
      "/Users/Simon/Projects/tech-tests/tic_tac_toe_tech_test/spec/game_spec.rb": [
        1,
        null,
        5,
        null,
        1,
        1,
        1,
        null,
        null,
        null,
        1,
        1,
        3,
        null,
        null,
        1,
        1,
        1,
        null,
        null,
        1,
        1,
        1,
        1,
        1,
        null,
        null,
        1,
        2,
        null,
        null,
        null
      ],
      "/Users/Simon/Projects/tech-tests/tic_tac_toe_tech_test/spec/player_spec.rb": [
        1,
        null,
        3,
        null,
        1,
        1,
        1,
        null,
        null,
        1,
        1,
        null,
        null,
        null
      ]
    },
    "timestamp": 1502460903
  }
}
