{
  "RSpec": {
    "coverage": {
      "/Users/miho/Makers/Week10/tictactoe_tech_test/spec/board_spec.rb": [
        null,
        1,
        null,
        1,
        1,
        6,
        null,
        1,
        1,
        1,
        1,
        null,
        null,
        null,
        null,
        1,
        1,
        1,
        1,
        2,
        null,
        null,
        null,
        null,
        1,
        1,
        1,
        1,
        1,
        null,
        null,
        null,
        null,
        1,
        1,
        1,
        1,
        1,
        1,
        null,
        null,
        1,
        1,
        1,
        1,
        null,
        null,
        null,
        null
      ],
      "/Users/miho/Makers/Week10/tictactoe_tech_test/lib/board.rb": [
        null,
        1,
        1,
        null,
        1,
        5,
        null,
        null,
        null,
        null,
        1,
        4,
        12,
        null,
        null,
        null,
        1,
        3,
        null,
        null,
        1,
        2,
        null,
        null
      ],
      "/Users/miho/Makers/Week10/tictactoe_tech_test/spec/cell_spec.rb": [
        null,
        1,
        null,
        1,
        2,
        null,
        1,
        1,
        1,
        1,
        null,
        null,
        1,
        1,
        1,
        null,
        null,
        1,
        1,
        1,
        null,
        null,
        null,
        null
      ],
      "/Users/miho/Makers/Week10/tictactoe_tech_test/lib/cell.rb": [
        null,
        1,
        1,
        null,
        1,
        5,
        null,
        null
      ],
      "/Users/miho/Makers/Week10/tictactoe_tech_test/spec/game_spec.rb": [

      ],
      "/Users/miho/Makers/Week10/tictactoe_tech_test/spec/player_spec.rb": [
        null,
        1,
        null,
        1,
        1,
        3,
        1,
        1,
        1,
        null,
        null,
        1,
        1,
        null,
        null,
        null,
        null,
        1,
        3,
        1,
        1,
        1,
        null,
        null,
        1,
        1,
        null,
        null,
        null,
        null
      ],
      "/Users/miho/Makers/Week10/tictactoe_tech_test/lib/player.rb": [
        null,
        1,
        1,
        null,
        1,
        4,
        null,
        null
      ]
    },
    "timestamp": 1502696857
  }
}
